# JRE version: Java(TM) SE Runtime Environment (8.0_431) (build 1.8.0_431-b10)
# Java VM: Java HotSpot(TM) 64-Bit Server VM (25.431-b10 mixed mode windows-amd64 compressed oops)
Heap:
 PSYoungGen      total 1968640K, used 802222K [0x0000000715580000, 0x00000007c0000000, 0x00000007c0000000)
  eden space 1434112K, 18% used [0x0000000715580000,0x0000000725af35c0,0x000000076ce00000)
  from space 534528K, 99% used [0x000000079f600000,0x00000007bfff8270,0x00000007c0000000)
  to   space 680960K, 0% used [0x000000076ce00000,0x000000076ce00000,0x0000000796700000)
 ParOldGen       total 2001408K, used 1216274K [0x00000005c0000000, 0x000000063a280000, 0x0000000715580000)
  object space 2001408K, 60% used [0x00000005c0000000,0x000000060a3c4ba8,0x000000063a280000)
 Metaspace       used 154092K, capacity 158083K, committed 158284K, reserved 1181696K
  class space    used 25108K, capacity 26371K, committed 26496K, reserved 1048576K
GC Heap History (10 events):
Event: 65.368 GC heap before
{Heap before GC invocations=29 (full 5):
 PSYoungGen      total 2315776K, used 2102190K [0x0000000715580000, 0x00000007c0000000, 0x00000007c0000000)
  eden space 1906688K, 100% used [0x0000000715580000,0x0000000789b80000,0x0000000789b80000)
  from space 409088K, 47% used [0x0000000789b80000,0x0000000795a6ba90,0x00000007a2b00000)
  to   space 399872K, 0% used [0x00000007a7980000,0x00000007a7980000,0x00000007c0000000)
 ParOldGen       total 2001408K, used 1204759K [0x00000005c0000000, 0x000000063a280000, 0x0000000715580000)
  object space 2001408K, 60% used [0x00000005c0000000,0x0000000609885dc8,0x000000063a280000)
 Metaspace       used 135586K, capacity 138523K, committed 138956K, reserved 1165312K
  class space    used 21251K, capacity 22183K, committed 22272K, reserved 1048576K
Event: 65.499 GC heap after
Heap after GC invocations=29 (full 5):
 PSYoungGen      total 2308096K, used 340615K [0x0000000715580000, 0x00000007c0000000, 0x00000007c0000000)
  eden space 1908224K, 0% used [0x0000000715580000,0x0000000715580000,0x0000000789d00000)
  from space 399872K, 85% used [0x00000007a7980000,0x00000007bc621e88,0x00000007c0000000)
  to   space 443904K, 0% used [0x0000000789d00000,0x0000000789d00000,0x00000007a4e80000)
 ParOldGen       total 2001408K, used 1204767K [0x00000005c0000000, 0x000000063a280000, 0x0000000715580000)
  object space 2001408K, 60% used [0x00000005c0000000,0x0000000609887dc8,0x000000063a280000)
 Metaspace       used 135586K, capacity 138523K, committed 138956K, reserved 1165312K
  class space    used 21251K, capacity 22183K, committed 22272K, reserved 1048576K
}
Event: 68.168 GC heap before
{Heap before GC invocations=30 (full 5):
 PSYoungGen      total 2308096K, used 2248839K [0x0000000715580000, 0x00000007c0000000, 0x00000007c0000000)
  eden space 1908224K, 100% used [0x0000000715580000,0x0000000789d00000,0x0000000789d00000)
  from space 399872K, 85% used [0x00000007a7980000,0x00000007bc621e88,0x00000007c0000000)
  to   space 443904K, 0% used [0x0000000789d00000,0x0000000789d00000,0x00000007a4e80000)
 ParOldGen       total 2001408K, used 1204767K [0x00000005c0000000, 0x000000063a280000, 0x0000000715580000)
  object space 2001408K, 60% used [0x00000005c0000000,0x0000000609887dc8,0x000000063a280000)
 Metaspace       used 140143K, capacity 143377K, committed 143692K, reserved 1169408K
  class space    used 22581K, capacity 23620K, committed 23680K, reserved 1048576K
Event: 68.252 GC heap after
Heap after GC invocations=30 (full 5):
 PSYoungGen      total 2251264K, used 342973K [0x0000000715580000, 0x00000007c0000000, 0x00000007c0000000)
  eden space 1908224K, 0% used [0x0000000715580000,0x0000000715580000,0x0000000789d00000)
  from space 343040K, 99% used [0x0000000789d00000,0x000000079ebef480,0x000000079ec00000)
  to   space 479744K, 0% used [0x00000007a2b80000,0x00000007a2b80000,0x00000007c0000000)
 ParOldGen       total 2001408K, used 1204775K [0x00000005c0000000, 0x000000063a280000, 0x0000000715580000)
  object space 2001408K, 60% used [0x00000005c0000000,0x0000000609889dc8,0x000000063a280000)
 Metaspace       used 140143K, capacity 143377K, committed 143692K, reserved 1169408K
  class space    used 22581K, capacity 23620K, committed 23680K, reserved 1048576K
}
Event: 71.363 GC heap before
{Heap before GC invocations=31 (full 5):
 PSYoungGen      total 2251264K, used 2251197K [0x0000000715580000, 0x00000007c0000000, 0x00000007c0000000)
  eden space 1908224K, 100% used [0x0000000715580000,0x0000000789d00000,0x0000000789d00000)
  from space 343040K, 99% used [0x0000000789d00000,0x000000079ebef480,0x000000079ec00000)
  to   space 479744K, 0% used [0x00000007a2b80000,0x00000007a2b80000,0x00000007c0000000)
 ParOldGen       total 2001408K, used 1204775K [0x00000005c0000000, 0x000000063a280000, 0x0000000715580000)
  object space 2001408K, 60% used [0x00000005c0000000,0x0000000609889dc8,0x000000063a280000)
 Metaspace       used 145338K, capacity 148853K, committed 149068K, reserved 1173504K
  class space    used 23550K, capacity 24684K, committed 24704K, reserved 1048576K
Event: 71.454 GC heap after
Heap after GC invocations=31 (full 5):
 PSYoungGen      total 2228224K, used 386963K [0x0000000715580000, 0x00000007c0000000, 0x00000007c0000000)
  eden space 1748480K, 0% used [0x0000000715580000,0x0000000715580000,0x0000000780100000)
  from space 479744K, 80% used [0x00000007a2b80000,0x00000007ba564c10,0x00000007c0000000)
  to   space 523776K, 0% used [0x0000000780100000,0x0000000780100000,0x00000007a0080000)
 ParOldGen       total 2001408K, used 1204783K [0x00000005c0000000, 0x000000063a280000, 0x0000000715580000)
  object space 2001408K, 60% used [0x00000005c0000000,0x000000060988bdc8,0x000000063a280000)
 Metaspace       used 145338K, capacity 148853K, committed 149068K, reserved 1173504K
  class space    used 23550K, capacity 24684K, committed 24704K, reserved 1048576K
}
Event: 74.502 GC heap before
{Heap before GC invocations=32 (full 5):
 PSYoungGen      total 2228224K, used 2135443K [0x0000000715580000, 0x00000007c0000000, 0x00000007c0000000)
  eden space 1748480K, 100% used [0x0000000715580000,0x0000000780100000,0x0000000780100000)
  from space 479744K, 80% used [0x00000007a2b80000,0x00000007ba564c10,0x00000007c0000000)
  to   space 523776K, 0% used [0x0000000780100000,0x0000000780100000,0x00000007a0080000)
 ParOldGen       total 2001408K, used 1204783K [0x00000005c0000000, 0x000000063a280000, 0x0000000715580000)
  object space 2001408K, 60% used [0x00000005c0000000,0x000000060988bdc8,0x000000063a280000)
 Metaspace       used 147033K, capacity 150683K, committed 150732K, reserved 1175552K
  class space    used 23860K, capacity 25063K, committed 25088K, reserved 1048576K
Event: 74.640 GC heap after
Heap after GC invocations=32 (full 5):
 PSYoungGen      total 2261504K, used 512560K [0x0000000715580000, 0x00000007c0000000, 0x00000007c0000000)
  eden space 1748480K, 0% used [0x0000000715580000,0x0000000715580000,0x0000000780100000)
  from space 513024K, 99% used [0x0000000780100000,0x000000079f58c3d8,0x000000079f600000)
  to   space 534528K, 0% used [0x000000079f600000,0x000000079f600000,0x00000007c0000000)
 ParOldGen       total 2001408K, used 1204791K [0x00000005c0000000, 0x000000063a280000, 0x0000000715580000)
  object space 2001408K, 60% used [0x00000005c0000000,0x000000060988ddc8,0x000000063a280000)
 Metaspace       used 147033K, capacity 150683K, committed 150732K, reserved 1175552K
  class space    used 23860K, capacity 25063K, committed 25088K, reserved 1048576K
}
Event: 77.536 GC heap before
{Heap before GC invocations=33 (full 5):
 PSYoungGen      total 2261504K, used 2261040K [0x0000000715580000, 0x00000007c0000000, 0x00000007c0000000)
  eden space 1748480K, 100% used [0x0000000715580000,0x0000000780100000,0x0000000780100000)
  from space 513024K, 99% used [0x0000000780100000,0x000000079f58c3d8,0x000000079f600000)
  to   space 534528K, 0% used [0x000000079f600000,0x000000079f600000,0x00000007c0000000)
 ParOldGen       total 2001408K, used 1204791K [0x00000005c0000000, 0x000000063a280000, 0x0000000715580000)
  object space 2001408K, 60% used [0x00000005c0000000,0x000000060988ddc8,0x000000063a280000)
 Metaspace       used 153315K, capacity 157311K, committed 157388K, reserved 1179648K
  class space    used 25019K, capacity 26295K, committed 26368K, reserved 1048576K
Event: 77.686 GC heap after
Heap after GC invocations=33 (full 5):
 PSYoungGen      total 1968640K, used 534496K [0x0000000715580000, 0x00000007c0000000, 0x00000007c0000000)
  eden space 1434112K, 0% used [0x0000000715580000,0x0000000715580000,0x000000076ce00000)
  from space 534528K, 99% used [0x000000079f600000,0x00000007bfff8270,0x00000007c0000000)
  to   space 680960K, 0% used [0x000000076ce00000,0x000000076ce00000,0x0000000796700000)
 ParOldGen       total 2001408K, used 1216274K [0x00000005c0000000, 0x000000063a280000, 0x0000000715580000)
  object space 2001408K, 60% used [0x00000005c0000000,0x000000060a3c4ba8,0x000000063a280000)
 Metaspace       used 153315K, capacity 157311K, committed 157388K, reserved 1179648K
  class space    used 25019K, capacity 26295K, committed 26368K, reserved 1048576K
}

